<?xml version="1.0" encoding="UTF-8"?>
<testsuite xmlns:xsi="http://www.w3.org/2001/XMLSchema-instance" xsi:noNamespaceSchemaLocation="https://maven.apache.org/surefire/maven-surefire-plugin/xsd/surefire-test-report.xsd" name="fr.univ.nantes.alma.engine.TestSpellCardRepository" time="5.988" tests="2" errors="0" skipped="0" failures="0">
  <properties>
    <property name="gopherProxySet" value="false"/>
    <property name="awt.toolkit" value="sun.lwawt.macosx.LWCToolkit"/>
    <property name="file.encoding.pkg" value="sun.io"/>
    <property name="java.specification.version" value="1.8"/>
    <property name="sun.cpu.isalist" value=""/>
    <property name="sun.jnu.encoding" value="UTF-8"/>
    <property name="java.class.path" value="/Users/alexis/Documents/Analyse_et_Conception/Hearthstone/Engine/target/test-classes:/Users/alexis/Documents/Analyse_et_Conception/Hearthstone/Engine/target/classes:/Users/alexis/.m2/repository/org/springframework/boot/spring-boot-starter-data-jpa/2.0.5.RELEASE/spring-boot-starter-data-jpa-2.0.5.RELEASE.jar:/Users/alexis/.m2/repository/org/springframework/boot/spring-boot-starter/2.0.5.RELEASE/spring-boot-starter-2.0.5.RELEASE.jar:/Users/alexis/.m2/repository/org/springframework/boot/spring-boot/2.0.5.RELEASE/spring-boot-2.0.5.RELEASE.jar:/Users/alexis/.m2/repository/org/springframework/boot/spring-boot-autoconfigure/2.0.5.RELEASE/spring-boot-autoconfigure-2.0.5.RELEASE.jar:/Users/alexis/.m2/repository/org/springframework/boot/spring-boot-starter-logging/2.0.5.RELEASE/spring-boot-starter-logging-2.0.5.RELEASE.jar:/Users/alexis/.m2/repository/ch/qos/logback/logback-classic/1.2.3/logback-classic-1.2.3.jar:/Users/alexis/.m2/repository/ch/qos/logback/logback-core/1.2.3/logback-core-1.2.3.jar:/Users/alexis/.m2/repository/org/apache/logging/log4j/log4j-to-slf4j/2.10.0/log4j-to-slf4j-2.10.0.jar:/Users/alexis/.m2/repository/org/apache/logging/log4j/log4j-api/2.10.0/log4j-api-2.10.0.jar:/Users/alexis/.m2/repository/org/slf4j/jul-to-slf4j/1.7.25/jul-to-slf4j-1.7.25.jar:/Users/alexis/.m2/repository/javax/annotation/javax.annotation-api/1.3.2/javax.annotation-api-1.3.2.jar:/Users/alexis/.m2/repository/org/yaml/snakeyaml/1.19/snakeyaml-1.19.jar:/Users/alexis/.m2/repository/org/springframework/boot/spring-boot-starter-aop/2.0.5.RELEASE/spring-boot-starter-aop-2.0.5.RELEASE.jar:/Users/alexis/.m2/repository/org/springframework/spring-aop/5.0.9.RELEASE/spring-aop-5.0.9.RELEASE.jar:/Users/alexis/.m2/repository/org/aspectj/aspectjweaver/1.8.13/aspectjweaver-1.8.13.jar:/Users/alexis/.m2/repository/org/springframework/boot/spring-boot-starter-jdbc/2.0.5.RELEASE/spring-boot-starter-jdbc-2.0.5.RELEASE.jar:/Users/alexis/.m2/repository/com/zaxxer/HikariCP/2.7.9/HikariCP-2.7.9.jar:/Users/alexis/.m2/repository/org/springframework/spring-jdbc/5.0.9.RELEASE/spring-jdbc-5.0.9.RELEASE.jar:/Users/alexis/.m2/repository/javax/transaction/javax.transaction-api/1.2/javax.transaction-api-1.2.jar:/Users/alexis/.m2/repository/org/hibernate/hibernate-core/5.2.17.Final/hibernate-core-5.2.17.Final.jar:/Users/alexis/.m2/repository/org/jboss/logging/jboss-logging/3.3.2.Final/jboss-logging-3.3.2.Final.jar:/Users/alexis/.m2/repository/org/hibernate/javax/persistence/hibernate-jpa-2.1-api/1.0.2.Final/hibernate-jpa-2.1-api-1.0.2.Final.jar:/Users/alexis/.m2/repository/antlr/antlr/2.7.7/antlr-2.7.7.jar:/Users/alexis/.m2/repository/org/jboss/jandex/2.0.3.Final/jandex-2.0.3.Final.jar:/Users/alexis/.m2/repository/com/fasterxml/classmate/1.3.4/classmate-1.3.4.jar:/Users/alexis/.m2/repository/dom4j/dom4j/1.6.1/dom4j-1.6.1.jar:/Users/alexis/.m2/repository/org/hibernate/common/hibernate-commons-annotations/5.0.1.Final/hibernate-commons-annotations-5.0.1.Final.jar:/Users/alexis/.m2/repository/org/springframework/data/spring-data-jpa/2.0.10.RELEASE/spring-data-jpa-2.0.10.RELEASE.jar:/Users/alexis/.m2/repository/org/springframework/data/spring-data-commons/2.0.10.RELEASE/spring-data-commons-2.0.10.RELEASE.jar:/Users/alexis/.m2/repository/org/springframework/spring-orm/5.0.9.RELEASE/spring-orm-5.0.9.RELEASE.jar:/Users/alexis/.m2/repository/org/springframework/spring-context/5.0.9.RELEASE/spring-context-5.0.9.RELEASE.jar:/Users/alexis/.m2/repository/org/springframework/spring-tx/5.0.9.RELEASE/spring-tx-5.0.9.RELEASE.jar:/Users/alexis/.m2/repository/org/springframework/spring-beans/5.0.9.RELEASE/spring-beans-5.0.9.RELEASE.jar:/Users/alexis/.m2/repository/org/springframework/spring-aspects/5.0.9.RELEASE/spring-aspects-5.0.9.RELEASE.jar:/Users/alexis/.m2/repository/mysql/mysql-connector-java/5.1.47/mysql-connector-java-5.1.47.jar:/Users/alexis/.m2/repository/org/springframework/boot/spring-boot-starter-web/2.0.5.RELEASE/spring-boot-starter-web-2.0.5.RELEASE.jar:/Users/alexis/.m2/repository/org/springframework/boot/spring-boot-starter-json/2.0.5.RELEASE/spring-boot-starter-json-2.0.5.RELEASE.jar:/Users/alexis/.m2/repository/com/fasterxml/jackson/core/jackson-databind/2.9.6/jackson-databind-2.9.6.jar:/Users/alexis/.m2/repository/com/fasterxml/jackson/core/jackson-annotations/2.9.0/jackson-annotations-2.9.0.jar:/Users/alexis/.m2/repository/com/fasterxml/jackson/core/jackson-core/2.9.6/jackson-core-2.9.6.jar:/Users/alexis/.m2/repository/com/fasterxml/jackson/datatype/jackson-datatype-jdk8/2.9.6/jackson-datatype-jdk8-2.9.6.jar:/Users/alexis/.m2/repository/com/fasterxml/jackson/datatype/jackson-datatype-jsr310/2.9.6/jackson-datatype-jsr310-2.9.6.jar:/Users/alexis/.m2/repository/com/fasterxml/jackson/module/jackson-module-parameter-names/2.9.6/jackson-module-parameter-names-2.9.6.jar:/Users/alexis/.m2/repository/org/springframework/boot/spring-boot-starter-tomcat/2.0.5.RELEASE/spring-boot-starter-tomcat-2.0.5.RELEASE.jar:/Users/alexis/.m2/repository/org/apache/tomcat/embed/tomcat-embed-core/8.5.34/tomcat-embed-core-8.5.34.jar:/Users/alexis/.m2/repository/org/apache/tomcat/embed/tomcat-embed-el/8.5.34/tomcat-embed-el-8.5.34.jar:/Users/alexis/.m2/repository/org/apache/tomcat/embed/tomcat-embed-websocket/8.5.34/tomcat-embed-websocket-8.5.34.jar:/Users/alexis/.m2/repository/org/hibernate/validator/hibernate-validator/6.0.12.Final/hibernate-validator-6.0.12.Final.jar:/Users/alexis/.m2/repository/javax/validation/validation-api/2.0.1.Final/validation-api-2.0.1.Final.jar:/Users/alexis/.m2/repository/org/springframework/spring-web/5.0.9.RELEASE/spring-web-5.0.9.RELEASE.jar:/Users/alexis/.m2/repository/org/springframework/spring-webmvc/5.0.9.RELEASE/spring-webmvc-5.0.9.RELEASE.jar:/Users/alexis/.m2/repository/org/springframework/spring-expression/5.0.9.RELEASE/spring-expression-5.0.9.RELEASE.jar:/Users/alexis/.m2/repository/org/springframework/boot/spring-boot-starter-thymeleaf/2.0.5.RELEASE/spring-boot-starter-thymeleaf-2.0.5.RELEASE.jar:/Users/alexis/.m2/repository/org/thymeleaf/thymeleaf-spring5/3.0.9.RELEASE/thymeleaf-spring5-3.0.9.RELEASE.jar:/Users/alexis/.m2/repository/org/thymeleaf/thymeleaf/3.0.9.RELEASE/thymeleaf-3.0.9.RELEASE.jar:/Users/alexis/.m2/repository/org/attoparser/attoparser/2.0.4.RELEASE/attoparser-2.0.4.RELEASE.jar:/Users/alexis/.m2/repository/org/unbescape/unbescape/1.1.5.RELEASE/unbescape-1.1.5.RELEASE.jar:/Users/alexis/.m2/repository/org/thymeleaf/extras/thymeleaf-extras-java8time/3.0.1.RELEASE/thymeleaf-extras-java8time-3.0.1.RELEASE.jar:/Users/alexis/.m2/repository/org/springframework/boot/spring-boot-starter-websocket/2.0.5.RELEASE/spring-boot-starter-websocket-2.0.5.RELEASE.jar:/Users/alexis/.m2/repository/org/springframework/spring-messaging/5.0.9.RELEASE/spring-messaging-5.0.9.RELEASE.jar:/Users/alexis/.m2/repository/org/springframework/spring-websocket/5.0.9.RELEASE/spring-websocket-5.0.9.RELEASE.jar:/Users/alexis/.m2/repository/org/springframework/boot/spring-boot-starter-test/2.0.5.RELEASE/spring-boot-starter-test-2.0.5.RELEASE.jar:/Users/alexis/.m2/repository/org/springframework/boot/spring-boot-test/2.0.5.RELEASE/spring-boot-test-2.0.5.RELEASE.jar:/Users/alexis/.m2/repository/org/springframework/boot/spring-boot-test-autoconfigure/2.0.5.RELEASE/spring-boot-test-autoconfigure-2.0.5.RELEASE.jar:/Users/alexis/.m2/repository/com/jayway/jsonpath/json-path/2.4.0/json-path-2.4.0.jar:/Users/alexis/.m2/repository/net/minidev/json-smart/2.3/json-smart-2.3.jar:/Users/alexis/.m2/repository/net/minidev/accessors-smart/1.2/accessors-smart-1.2.jar:/Users/alexis/.m2/repository/org/ow2/asm/asm/5.0.4/asm-5.0.4.jar:/Users/alexis/.m2/repository/junit/junit/4.12/junit-4.12.jar:/Users/alexis/.m2/repository/org/assertj/assertj-core/3.9.1/assertj-core-3.9.1.jar:/Users/alexis/.m2/repository/org/hamcrest/hamcrest-core/1.3/hamcrest-core-1.3.jar:/Users/alexis/.m2/repository/org/hamcrest/hamcrest-library/1.3/hamcrest-library-1.3.jar:/Users/alexis/.m2/repository/org/skyscreamer/jsonassert/1.5.0/jsonassert-1.5.0.jar:/Users/alexis/.m2/repository/com/vaadin/external/google/android-json/0.0.20131108.vaadin1/android-json-0.0.20131108.vaadin1.jar:/Users/alexis/.m2/repository/org/springframework/spring-core/5.0.9.RELEASE/spring-core-5.0.9.RELEASE.jar:/Users/alexis/.m2/repository/org/springframework/spring-jcl/5.0.9.RELEASE/spring-jcl-5.0.9.RELEASE.jar:/Users/alexis/.m2/repository/org/springframework/spring-test/5.0.9.RELEASE/spring-test-5.0.9.RELEASE.jar:/Users/alexis/.m2/repository/org/xmlunit/xmlunit-core/2.5.1/xmlunit-core-2.5.1.jar:/Users/alexis/.m2/repository/com/h2database/h2/1.4.197/h2-1.4.197.jar:/Users/alexis/.m2/repository/org/junit/jupiter/junit-jupiter-api/5.1.1/junit-jupiter-api-5.1.1.jar:/Users/alexis/.m2/repository/org/apiguardian/apiguardian-api/1.0.0/apiguardian-api-1.0.0.jar:/Users/alexis/.m2/repository/org/opentest4j/opentest4j/1.0.0/opentest4j-1.0.0.jar:/Users/alexis/.m2/repository/org/junit/platform/junit-platform-commons/1.1.1/junit-platform-commons-1.1.1.jar:/Users/alexis/.m2/repository/org/junit/jupiter/junit-jupiter-engine/5.1.1/junit-jupiter-engine-5.1.1.jar:/Users/alexis/.m2/repository/org/junit/platform/junit-platform-engine/1.1.1/junit-platform-engine-1.1.1.jar:/Users/alexis/.m2/repository/org/junit/platform/junit-platform-launcher/1.0.1/junit-platform-launcher-1.0.1.jar:/Users/alexis/.m2/repository/org/junit/platform/junit-platform-runner/1.0.1/junit-platform-runner-1.0.1.jar:/Users/alexis/.m2/repository/org/junit/platform/junit-platform-suite-api/1.0.1/junit-platform-suite-api-1.0.1.jar:/Users/alexis/.m2/repository/org/junit/jupiter/junit-jupiter-params/5.1.0/junit-jupiter-params-5.1.0.jar:/Users/alexis/.m2/repository/org/mockito/mockito-core/2.8.9/mockito-core-2.8.9.jar:/Users/alexis/.m2/repository/net/bytebuddy/byte-buddy/1.7.11/byte-buddy-1.7.11.jar:/Users/alexis/.m2/repository/net/bytebuddy/byte-buddy-agent/1.7.11/byte-buddy-agent-1.7.11.jar:/Users/alexis/.m2/repository/org/objenesis/objenesis/2.5/objenesis-2.5.jar:/Users/alexis/.m2/repository/org/jmockit/jmockit/1.44/jmockit-1.44.jar:/Users/alexis/.m2/repository/com/google/code/findbugs/jsr305/3.0.2/jsr305-3.0.2.jar:/Users/alexis/.m2/repository/org/powermock/powermock-module-junit4/1.7.4/powermock-module-junit4-1.7.4.jar:/Users/alexis/.m2/repository/org/powermock/powermock-module-junit4-common/1.7.4/powermock-module-junit4-common-1.7.4.jar:/Users/alexis/.m2/repository/org/powermock/powermock-reflect/1.7.4/powermock-reflect-1.7.4.jar:/Users/alexis/.m2/repository/org/powermock/powermock-core/1.7.4/powermock-core-1.7.4.jar:/Users/alexis/.m2/repository/org/powermock/powermock-api-mockito2/1.7.4/powermock-api-mockito2-1.7.4.jar:/Users/alexis/.m2/repository/org/powermock/powermock-api-mockito-common/1.7.4/powermock-api-mockito-common-1.7.4.jar:/Users/alexis/.m2/repository/org/powermock/powermock-api-support/1.7.4/powermock-api-support-1.7.4.jar:/Users/alexis/.m2/repository/pl/pojo/pojo-tester/0.7.6/pojo-tester-0.7.6.jar:/Users/alexis/.m2/repository/org/slf4j/slf4j-api/1.7.25/slf4j-api-1.7.25.jar:/Users/alexis/.m2/repository/org/apache/commons/commons-lang3/3.7/commons-lang3-3.7.jar:/Users/alexis/.m2/repository/org/apache/commons/commons-collections4/4.1/commons-collections4-4.1.jar:/Users/alexis/.m2/repository/com/googlecode/combinatoricslib/combinatoricslib/2.1/combinatoricslib-2.1.jar:/Users/alexis/.m2/repository/org/javassist/javassist/3.22.0-GA/javassist-3.22.0-GA.jar:/Users/alexis/.m2/repository/org/apache/maven/doxia/doxia-site-renderer/1.8/doxia-site-renderer-1.8.jar:/Users/alexis/.m2/repository/org/apache/maven/maven-artifact/3.0/maven-artifact-3.0.jar:/Users/alexis/.m2/repository/org/apache/maven/doxia/doxia-core/1.8/doxia-core-1.8.jar:/Users/alexis/.m2/repository/org/apache/httpcomponents/httpclient/4.5.6/httpclient-4.5.6.jar:/Users/alexis/.m2/repository/commons-codec/commons-codec/1.11/commons-codec-1.11.jar:/Users/alexis/.m2/repository/org/apache/httpcomponents/httpcore/4.4.10/httpcore-4.4.10.jar:/Users/alexis/.m2/repository/org/apache/maven/doxia/doxia-logging-api/1.8/doxia-logging-api-1.8.jar:/Users/alexis/.m2/repository/org/apache/maven/doxia/doxia-sink-api/1.8/doxia-sink-api-1.8.jar:/Users/alexis/.m2/repository/org/apache/maven/doxia/doxia-decoration-model/1.8/doxia-decoration-model-1.8.jar:/Users/alexis/.m2/repository/org/apache/maven/doxia/doxia-skin-model/1.8/doxia-skin-model-1.8.jar:/Users/alexis/.m2/repository/org/apache/maven/doxia/doxia-module-xhtml/1.8/doxia-module-xhtml-1.8.jar:/Users/alexis/.m2/repository/org/codehaus/plexus/plexus-component-annotations/1.6/plexus-component-annotations-1.6.jar:/Users/alexis/.m2/repository/org/codehaus/plexus/plexus-i18n/1.0-beta-7/plexus-i18n-1.0-beta-7.jar:/Users/alexis/.m2/repository/org/codehaus/plexus/plexus-container-default/1.0-alpha-30/plexus-container-default-1.0-alpha-30.jar:/Users/alexis/.m2/repository/org/codehaus/plexus/plexus-classworlds/1.2-alpha-9/plexus-classworlds-1.2-alpha-9.jar:/Users/alexis/.m2/repository/org/codehaus/plexus/plexus-velocity/1.2/plexus-velocity-1.2.jar:/Users/alexis/.m2/repository/org/codehaus/plexus/plexus-utils/3.0.22/plexus-utils-3.0.22.jar:/Users/alexis/.m2/repository/org/apache/velocity/velocity/1.7/velocity-1.7.jar:/Users/alexis/.m2/repository/commons-lang/commons-lang/2.4/commons-lang-2.4.jar:/Users/alexis/.m2/repository/org/apache/velocity/velocity-tools/2.0/velocity-tools-2.0.jar:/Users/alexis/.m2/repository/commons-beanutils/commons-beanutils/1.7.0/commons-beanutils-1.7.0.jar:/Users/alexis/.m2/repository/commons-digester/commons-digester/1.8/commons-digester-1.8.jar:/Users/alexis/.m2/repository/commons-chain/commons-chain/1.1/commons-chain-1.1.jar:/Users/alexis/.m2/repository/commons-logging/commons-logging/1.1/commons-logging-1.1.jar:/Users/alexis/.m2/repository/javax/servlet/servlet-api/2.3/servlet-api-2.3.jar:/Users/alexis/.m2/repository/commons-validator/commons-validator/1.3.1/commons-validator-1.3.1.jar:/Users/alexis/.m2/repository/oro/oro/2.0.8/oro-2.0.8.jar:/Users/alexis/.m2/repository/sslext/sslext/1.2-0/sslext-1.2-0.jar:/Users/alexis/.m2/repository/org/apache/struts/struts-core/1.3.8/struts-core-1.3.8.jar:/Users/alexis/.m2/repository/org/apache/struts/struts-taglib/1.3.8/struts-taglib-1.3.8.jar:/Users/alexis/.m2/repository/org/apache/struts/struts-tiles/1.3.8/struts-tiles-1.3.8.jar:/Users/alexis/.m2/repository/commons-collections/commons-collections/3.2.1/commons-collections-3.2.1.jar:"/>
    <property name="java.vm.vendor" value="Oracle Corporation"/>
    <property name="sun.arch.data.model" value="64"/>
    <property name="java.vendor.url" value="http://java.oracle.com/"/>
    <property name="user.timezone" value=""/>
    <property name="java.vm.specification.version" value="1.8"/>
    <property name="os.name" value="Mac OS X"/>
    <property name="user.country" value="FR"/>
    <property name="sun.java.launcher" value="SUN_STANDARD"/>
    <property name="sun.boot.library.path" value="/Library/Java/JavaVirtualMachines/jdk1.8.0_181.jdk/Contents/Home/jre/lib"/>
    <property name="sun.java.command" value="/Users/alexis/Documents/Analyse_et_Conception/Hearthstone/Engine/target/surefire/surefirebooter5246054421095102013.jar /Users/alexis/Documents/Analyse_et_Conception/Hearthstone/Engine/target/surefire 2019-01-15T22-20-33_208-jvmRun1 surefire5855126618983309560tmp surefire_07074987923106892653tmp"/>
    <property name="http.nonProxyHosts" value="localhost|*.localhost"/>
    <property name="surefire.test.class.path" value="/Users/alexis/Documents/Analyse_et_Conception/Hearthstone/Engine/target/test-classes:/Users/alexis/Documents/Analyse_et_Conception/Hearthstone/Engine/target/classes:/Users/alexis/.m2/repository/org/springframework/boot/spring-boot-starter-data-jpa/2.0.5.RELEASE/spring-boot-starter-data-jpa-2.0.5.RELEASE.jar:/Users/alexis/.m2/repository/org/springframework/boot/spring-boot-starter/2.0.5.RELEASE/spring-boot-starter-2.0.5.RELEASE.jar:/Users/alexis/.m2/repository/org/springframework/boot/spring-boot/2.0.5.RELEASE/spring-boot-2.0.5.RELEASE.jar:/Users/alexis/.m2/repository/org/springframework/boot/spring-boot-autoconfigure/2.0.5.RELEASE/spring-boot-autoconfigure-2.0.5.RELEASE.jar:/Users/alexis/.m2/repository/org/springframework/boot/spring-boot-starter-logging/2.0.5.RELEASE/spring-boot-starter-logging-2.0.5.RELEASE.jar:/Users/alexis/.m2/repository/ch/qos/logback/logback-classic/1.2.3/logback-classic-1.2.3.jar:/Users/alexis/.m2/repository/ch/qos/logback/logback-core/1.2.3/logback-core-1.2.3.jar:/Users/alexis/.m2/repository/org/apache/logging/log4j/log4j-to-slf4j/2.10.0/log4j-to-slf4j-2.10.0.jar:/Users/alexis/.m2/repository/org/apache/logging/log4j/log4j-api/2.10.0/log4j-api-2.10.0.jar:/Users/alexis/.m2/repository/org/slf4j/jul-to-slf4j/1.7.25/jul-to-slf4j-1.7.25.jar:/Users/alexis/.m2/repository/javax/annotation/javax.annotation-api/1.3.2/javax.annotation-api-1.3.2.jar:/Users/alexis/.m2/repository/org/yaml/snakeyaml/1.19/snakeyaml-1.19.jar:/Users/alexis/.m2/repository/org/springframework/boot/spring-boot-starter-aop/2.0.5.RELEASE/spring-boot-starter-aop-2.0.5.RELEASE.jar:/Users/alexis/.m2/repository/org/springframework/spring-aop/5.0.9.RELEASE/spring-aop-5.0.9.RELEASE.jar:/Users/alexis/.m2/repository/org/aspectj/aspectjweaver/1.8.13/aspectjweaver-1.8.13.jar:/Users/alexis/.m2/repository/org/springframework/boot/spring-boot-starter-jdbc/2.0.5.RELEASE/spring-boot-starter-jdbc-2.0.5.RELEASE.jar:/Users/alexis/.m2/repository/com/zaxxer/HikariCP/2.7.9/HikariCP-2.7.9.jar:/Users/alexis/.m2/repository/org/springframework/spring-jdbc/5.0.9.RELEASE/spring-jdbc-5.0.9.RELEASE.jar:/Users/alexis/.m2/repository/javax/transaction/javax.transaction-api/1.2/javax.transaction-api-1.2.jar:/Users/alexis/.m2/repository/org/hibernate/hibernate-core/5.2.17.Final/hibernate-core-5.2.17.Final.jar:/Users/alexis/.m2/repository/org/jboss/logging/jboss-logging/3.3.2.Final/jboss-logging-3.3.2.Final.jar:/Users/alexis/.m2/repository/org/hibernate/javax/persistence/hibernate-jpa-2.1-api/1.0.2.Final/hibernate-jpa-2.1-api-1.0.2.Final.jar:/Users/alexis/.m2/repository/antlr/antlr/2.7.7/antlr-2.7.7.jar:/Users/alexis/.m2/repository/org/jboss/jandex/2.0.3.Final/jandex-2.0.3.Final.jar:/Users/alexis/.m2/repository/com/fasterxml/classmate/1.3.4/classmate-1.3.4.jar:/Users/alexis/.m2/repository/dom4j/dom4j/1.6.1/dom4j-1.6.1.jar:/Users/alexis/.m2/repository/org/hibernate/common/hibernate-commons-annotations/5.0.1.Final/hibernate-commons-annotations-5.0.1.Final.jar:/Users/alexis/.m2/repository/org/springframework/data/spring-data-jpa/2.0.10.RELEASE/spring-data-jpa-2.0.10.RELEASE.jar:/Users/alexis/.m2/repository/org/springframework/data/spring-data-commons/2.0.10.RELEASE/spring-data-commons-2.0.10.RELEASE.jar:/Users/alexis/.m2/repository/org/springframework/spring-orm/5.0.9.RELEASE/spring-orm-5.0.9.RELEASE.jar:/Users/alexis/.m2/repository/org/springframework/spring-context/5.0.9.RELEASE/spring-context-5.0.9.RELEASE.jar:/Users/alexis/.m2/repository/org/springframework/spring-tx/5.0.9.RELEASE/spring-tx-5.0.9.RELEASE.jar:/Users/alexis/.m2/repository/org/springframework/spring-beans/5.0.9.RELEASE/spring-beans-5.0.9.RELEASE.jar:/Users/alexis/.m2/repository/org/springframework/spring-aspects/5.0.9.RELEASE/spring-aspects-5.0.9.RELEASE.jar:/Users/alexis/.m2/repository/mysql/mysql-connector-java/5.1.47/mysql-connector-java-5.1.47.jar:/Users/alexis/.m2/repository/org/springframework/boot/spring-boot-starter-web/2.0.5.RELEASE/spring-boot-starter-web-2.0.5.RELEASE.jar:/Users/alexis/.m2/repository/org/springframework/boot/spring-boot-starter-json/2.0.5.RELEASE/spring-boot-starter-json-2.0.5.RELEASE.jar:/Users/alexis/.m2/repository/com/fasterxml/jackson/core/jackson-databind/2.9.6/jackson-databind-2.9.6.jar:/Users/alexis/.m2/repository/com/fasterxml/jackson/core/jackson-annotations/2.9.0/jackson-annotations-2.9.0.jar:/Users/alexis/.m2/repository/com/fasterxml/jackson/core/jackson-core/2.9.6/jackson-core-2.9.6.jar:/Users/alexis/.m2/repository/com/fasterxml/jackson/datatype/jackson-datatype-jdk8/2.9.6/jackson-datatype-jdk8-2.9.6.jar:/Users/alexis/.m2/repository/com/fasterxml/jackson/datatype/jackson-datatype-jsr310/2.9.6/jackson-datatype-jsr310-2.9.6.jar:/Users/alexis/.m2/repository/com/fasterxml/jackson/module/jackson-module-parameter-names/2.9.6/jackson-module-parameter-names-2.9.6.jar:/Users/alexis/.m2/repository/org/springframework/boot/spring-boot-starter-tomcat/2.0.5.RELEASE/spring-boot-starter-tomcat-2.0.5.RELEASE.jar:/Users/alexis/.m2/repository/org/apache/tomcat/embed/tomcat-embed-core/8.5.34/tomcat-embed-core-8.5.34.jar:/Users/alexis/.m2/repository/org/apache/tomcat/embed/tomcat-embed-el/8.5.34/tomcat-embed-el-8.5.34.jar:/Users/alexis/.m2/repository/org/apache/tomcat/embed/tomcat-embed-websocket/8.5.34/tomcat-embed-websocket-8.5.34.jar:/Users/alexis/.m2/repository/org/hibernate/validator/hibernate-validator/6.0.12.Final/hibernate-validator-6.0.12.Final.jar:/Users/alexis/.m2/repository/javax/validation/validation-api/2.0.1.Final/validation-api-2.0.1.Final.jar:/Users/alexis/.m2/repository/org/springframework/spring-web/5.0.9.RELEASE/spring-web-5.0.9.RELEASE.jar:/Users/alexis/.m2/repository/org/springframework/spring-webmvc/5.0.9.RELEASE/spring-webmvc-5.0.9.RELEASE.jar:/Users/alexis/.m2/repository/org/springframework/spring-expression/5.0.9.RELEASE/spring-expression-5.0.9.RELEASE.jar:/Users/alexis/.m2/repository/org/springframework/boot/spring-boot-starter-thymeleaf/2.0.5.RELEASE/spring-boot-starter-thymeleaf-2.0.5.RELEASE.jar:/Users/alexis/.m2/repository/org/thymeleaf/thymeleaf-spring5/3.0.9.RELEASE/thymeleaf-spring5-3.0.9.RELEASE.jar:/Users/alexis/.m2/repository/org/thymeleaf/thymeleaf/3.0.9.RELEASE/thymeleaf-3.0.9.RELEASE.jar:/Users/alexis/.m2/repository/org/attoparser/attoparser/2.0.4.RELEASE/attoparser-2.0.4.RELEASE.jar:/Users/alexis/.m2/repository/org/unbescape/unbescape/1.1.5.RELEASE/unbescape-1.1.5.RELEASE.jar:/Users/alexis/.m2/repository/org/thymeleaf/extras/thymeleaf-extras-java8time/3.0.1.RELEASE/thymeleaf-extras-java8time-3.0.1.RELEASE.jar:/Users/alexis/.m2/repository/org/springframework/boot/spring-boot-starter-websocket/2.0.5.RELEASE/spring-boot-starter-websocket-2.0.5.RELEASE.jar:/Users/alexis/.m2/repository/org/springframework/spring-messaging/5.0.9.RELEASE/spring-messaging-5.0.9.RELEASE.jar:/Users/alexis/.m2/repository/org/springframework/spring-websocket/5.0.9.RELEASE/spring-websocket-5.0.9.RELEASE.jar:/Users/alexis/.m2/repository/org/springframework/boot/spring-boot-starter-test/2.0.5.RELEASE/spring-boot-starter-test-2.0.5.RELEASE.jar:/Users/alexis/.m2/repository/org/springframework/boot/spring-boot-test/2.0.5.RELEASE/spring-boot-test-2.0.5.RELEASE.jar:/Users/alexis/.m2/repository/org/springframework/boot/spring-boot-test-autoconfigure/2.0.5.RELEASE/spring-boot-test-autoconfigure-2.0.5.RELEASE.jar:/Users/alexis/.m2/repository/com/jayway/jsonpath/json-path/2.4.0/json-path-2.4.0.jar:/Users/alexis/.m2/repository/net/minidev/json-smart/2.3/json-smart-2.3.jar:/Users/alexis/.m2/repository/net/minidev/accessors-smart/1.2/accessors-smart-1.2.jar:/Users/alexis/.m2/repository/org/ow2/asm/asm/5.0.4/asm-5.0.4.jar:/Users/alexis/.m2/repository/junit/junit/4.12/junit-4.12.jar:/Users/alexis/.m2/repository/org/assertj/assertj-core/3.9.1/assertj-core-3.9.1.jar:/Users/alexis/.m2/repository/org/hamcrest/hamcrest-core/1.3/hamcrest-core-1.3.jar:/Users/alexis/.m2/repository/org/hamcrest/hamcrest-library/1.3/hamcrest-library-1.3.jar:/Users/alexis/.m2/repository/org/skyscreamer/jsonassert/1.5.0/jsonassert-1.5.0.jar:/Users/alexis/.m2/repository/com/vaadin/external/google/android-json/0.0.20131108.vaadin1/android-json-0.0.20131108.vaadin1.jar:/Users/alexis/.m2/repository/org/springframework/spring-core/5.0.9.RELEASE/spring-core-5.0.9.RELEASE.jar:/Users/alexis/.m2/repository/org/springframework/spring-jcl/5.0.9.RELEASE/spring-jcl-5.0.9.RELEASE.jar:/Users/alexis/.m2/repository/org/springframework/spring-test/5.0.9.RELEASE/spring-test-5.0.9.RELEASE.jar:/Users/alexis/.m2/repository/org/xmlunit/xmlunit-core/2.5.1/xmlunit-core-2.5.1.jar:/Users/alexis/.m2/repository/com/h2database/h2/1.4.197/h2-1.4.197.jar:/Users/alexis/.m2/repository/org/junit/jupiter/junit-jupiter-api/5.1.1/junit-jupiter-api-5.1.1.jar:/Users/alexis/.m2/repository/org/apiguardian/apiguardian-api/1.0.0/apiguardian-api-1.0.0.jar:/Users/alexis/.m2/repository/org/opentest4j/opentest4j/1.0.0/opentest4j-1.0.0.jar:/Users/alexis/.m2/repository/org/junit/platform/junit-platform-commons/1.1.1/junit-platform-commons-1.1.1.jar:/Users/alexis/.m2/repository/org/junit/jupiter/junit-jupiter-engine/5.1.1/junit-jupiter-engine-5.1.1.jar:/Users/alexis/.m2/repository/org/junit/platform/junit-platform-engine/1.1.1/junit-platform-engine-1.1.1.jar:/Users/alexis/.m2/repository/org/junit/platform/junit-platform-launcher/1.0.1/junit-platform-launcher-1.0.1.jar:/Users/alexis/.m2/repository/org/junit/platform/junit-platform-runner/1.0.1/junit-platform-runner-1.0.1.jar:/Users/alexis/.m2/repository/org/junit/platform/junit-platform-suite-api/1.0.1/junit-platform-suite-api-1.0.1.jar:/Users/alexis/.m2/repository/org/junit/jupiter/junit-jupiter-params/5.1.0/junit-jupiter-params-5.1.0.jar:/Users/alexis/.m2/repository/org/mockito/mockito-core/2.8.9/mockito-core-2.8.9.jar:/Users/alexis/.m2/repository/net/bytebuddy/byte-buddy/1.7.11/byte-buddy-1.7.11.jar:/Users/alexis/.m2/repository/net/bytebuddy/byte-buddy-agent/1.7.11/byte-buddy-agent-1.7.11.jar:/Users/alexis/.m2/repository/org/objenesis/objenesis/2.5/objenesis-2.5.jar:/Users/alexis/.m2/repository/org/jmockit/jmockit/1.44/jmockit-1.44.jar:/Users/alexis/.m2/repository/com/google/code/findbugs/jsr305/3.0.2/jsr305-3.0.2.jar:/Users/alexis/.m2/repository/org/powermock/powermock-module-junit4/1.7.4/powermock-module-junit4-1.7.4.jar:/Users/alexis/.m2/repository/org/powermock/powermock-module-junit4-common/1.7.4/powermock-module-junit4-common-1.7.4.jar:/Users/alexis/.m2/repository/org/powermock/powermock-reflect/1.7.4/powermock-reflect-1.7.4.jar:/Users/alexis/.m2/repository/org/powermock/powermock-core/1.7.4/powermock-core-1.7.4.jar:/Users/alexis/.m2/repository/org/powermock/powermock-api-mockito2/1.7.4/powermock-api-mockito2-1.7.4.jar:/Users/alexis/.m2/repository/org/powermock/powermock-api-mockito-common/1.7.4/powermock-api-mockito-common-1.7.4.jar:/Users/alexis/.m2/repository/org/powermock/powermock-api-support/1.7.4/powermock-api-support-1.7.4.jar:/Users/alexis/.m2/repository/pl/pojo/pojo-tester/0.7.6/pojo-tester-0.7.6.jar:/Users/alexis/.m2/repository/org/slf4j/slf4j-api/1.7.25/slf4j-api-1.7.25.jar:/Users/alexis/.m2/repository/org/apache/commons/commons-lang3/3.7/commons-lang3-3.7.jar:/Users/alexis/.m2/repository/org/apache/commons/commons-collections4/4.1/commons-collections4-4.1.jar:/Users/alexis/.m2/repository/com/googlecode/combinatoricslib/combinatoricslib/2.1/combinatoricslib-2.1.jar:/Users/alexis/.m2/repository/org/javassist/javassist/3.22.0-GA/javassist-3.22.0-GA.jar:/Users/alexis/.m2/repository/org/apache/maven/doxia/doxia-site-renderer/1.8/doxia-site-renderer-1.8.jar:/Users/alexis/.m2/repository/org/apache/maven/maven-artifact/3.0/maven-artifact-3.0.jar:/Users/alexis/.m2/repository/org/apache/maven/doxia/doxia-core/1.8/doxia-core-1.8.jar:/Users/alexis/.m2/repository/org/apache/httpcomponents/httpclient/4.5.6/httpclient-4.5.6.jar:/Users/alexis/.m2/repository/commons-codec/commons-codec/1.11/commons-codec-1.11.jar:/Users/alexis/.m2/repository/org/apache/httpcomponents/httpcore/4.4.10/httpcore-4.4.10.jar:/Users/alexis/.m2/repository/org/apache/maven/doxia/doxia-logging-api/1.8/doxia-logging-api-1.8.jar:/Users/alexis/.m2/repository/org/apache/maven/doxia/doxia-sink-api/1.8/doxia-sink-api-1.8.jar:/Users/alexis/.m2/repository/org/apache/maven/doxia/doxia-decoration-model/1.8/doxia-decoration-model-1.8.jar:/Users/alexis/.m2/repository/org/apache/maven/doxia/doxia-skin-model/1.8/doxia-skin-model-1.8.jar:/Users/alexis/.m2/repository/org/apache/maven/doxia/doxia-module-xhtml/1.8/doxia-module-xhtml-1.8.jar:/Users/alexis/.m2/repository/org/codehaus/plexus/plexus-component-annotations/1.6/plexus-component-annotations-1.6.jar:/Users/alexis/.m2/repository/org/codehaus/plexus/plexus-i18n/1.0-beta-7/plexus-i18n-1.0-beta-7.jar:/Users/alexis/.m2/repository/org/codehaus/plexus/plexus-container-default/1.0-alpha-30/plexus-container-default-1.0-alpha-30.jar:/Users/alexis/.m2/repository/org/codehaus/plexus/plexus-classworlds/1.2-alpha-9/plexus-classworlds-1.2-alpha-9.jar:/Users/alexis/.m2/repository/org/codehaus/plexus/plexus-velocity/1.2/plexus-velocity-1.2.jar:/Users/alexis/.m2/repository/org/codehaus/plexus/plexus-utils/3.0.22/plexus-utils-3.0.22.jar:/Users/alexis/.m2/repository/org/apache/velocity/velocity/1.7/velocity-1.7.jar:/Users/alexis/.m2/repository/commons-lang/commons-lang/2.4/commons-lang-2.4.jar:/Users/alexis/.m2/repository/org/apache/velocity/velocity-tools/2.0/velocity-tools-2.0.jar:/Users/alexis/.m2/repository/commons-beanutils/commons-beanutils/1.7.0/commons-beanutils-1.7.0.jar:/Users/alexis/.m2/repository/commons-digester/commons-digester/1.8/commons-digester-1.8.jar:/Users/alexis/.m2/repository/commons-chain/commons-chain/1.1/commons-chain-1.1.jar:/Users/alexis/.m2/repository/commons-logging/commons-logging/1.1/commons-logging-1.1.jar:/Users/alexis/.m2/repository/javax/servlet/servlet-api/2.3/servlet-api-2.3.jar:/Users/alexis/.m2/repository/commons-validator/commons-validator/1.3.1/commons-validator-1.3.1.jar:/Users/alexis/.m2/repository/oro/oro/2.0.8/oro-2.0.8.jar:/Users/alexis/.m2/repository/sslext/sslext/1.2-0/sslext-1.2-0.jar:/Users/alexis/.m2/repository/org/apache/struts/struts-core/1.3.8/struts-core-1.3.8.jar:/Users/alexis/.m2/repository/org/apache/struts/struts-taglib/1.3.8/struts-taglib-1.3.8.jar:/Users/alexis/.m2/repository/org/apache/struts/struts-tiles/1.3.8/struts-tiles-1.3.8.jar:/Users/alexis/.m2/repository/commons-collections/commons-collections/3.2.1/commons-collections-3.2.1.jar:"/>
    <property name="sun.cpu.endian" value="little"/>
    <property name="user.home" value="/Users/alexis"/>
    <property name="user.language" value="fr"/>
    <property name="java.specification.vendor" value="Oracle Corporation"/>
    <property name="java.home" value="/Library/Java/JavaVirtualMachines/jdk1.8.0_181.jdk/Contents/Home/jre"/>
    <property name="basedir" value="/Users/alexis/Documents/Analyse_et_Conception/Hearthstone/Engine"/>
    <property name="file.separator" value="/"/>
    <property name="line.separator" value="&#10;"/>
    <property name="java.vm.specification.vendor" value="Oracle Corporation"/>
    <property name="java.specification.name" value="Java Platform API Specification"/>
    <property name="java.awt.graphicsenv" value="sun.awt.CGraphicsEnvironment"/>
    <property name="surefire.real.class.path" value="/Users/alexis/Documents/Analyse_et_Conception/Hearthstone/Engine/target/surefire/surefirebooter5246054421095102013.jar"/>
    <property name="sun.boot.class.path" value="/Library/Java/JavaVirtualMachines/jdk1.8.0_181.jdk/Contents/Home/jre/lib/resources.jar:/Library/Java/JavaVirtualMachines/jdk1.8.0_181.jdk/Contents/Home/jre/lib/rt.jar:/Library/Java/JavaVirtualMachines/jdk1.8.0_181.jdk/Contents/Home/jre/lib/sunrsasign.jar:/Library/Java/JavaVirtualMachines/jdk1.8.0_181.jdk/Contents/Home/jre/lib/jsse.jar:/Library/Java/JavaVirtualMachines/jdk1.8.0_181.jdk/Contents/Home/jre/lib/jce.jar:/Library/Java/JavaVirtualMachines/jdk1.8.0_181.jdk/Contents/Home/jre/lib/charsets.jar:/Library/Java/JavaVirtualMachines/jdk1.8.0_181.jdk/Contents/Home/jre/lib/jfr.jar:/Library/Java/JavaVirtualMachines/jdk1.8.0_181.jdk/Contents/Home/jre/classes"/>
    <property name="sun.management.compiler" value="HotSpot 64-Bit Tiered Compilers"/>
    <property name="ftp.nonProxyHosts" value="localhost|*.localhost"/>
    <property name="java.runtime.version" value="1.8.0_181-b13"/>
    <property name="user.name" value="alexis"/>
    <property name="path.separator" value=":"/>
    <property name="os.version" value="10.13.6"/>
    <property name="java.endorsed.dirs" value="/Library/Java/JavaVirtualMachines/jdk1.8.0_181.jdk/Contents/Home/jre/lib/endorsed"/>
    <property name="java.runtime.name" value="Java(TM) SE Runtime Environment"/>
    <property name="file.encoding" value="UTF-8"/>
    <property name="java.vm.name" value="Java HotSpot(TM) 64-Bit Server VM"/>
    <property name="localRepository" value="/Users/alexis/.m2/repository"/>
    <property name="java.vendor.url.bug" value="http://bugreport.sun.com/bugreport/"/>
    <property name="java.io.tmpdir" value="/var/folders/_v/79pj7yns6f3_r0vc6sgqmqj00000gp/T/"/>
    <property name="java.version" value="1.8.0_181"/>
    <property name="user.dir" value="/Users/alexis/Documents/Analyse_et_Conception/Hearthstone/Engine"/>
    <property name="os.arch" value="x86_64"/>
    <property name="java.vm.specification.name" value="Java Virtual Machine Specification"/>
    <property name="java.awt.printerjob" value="sun.lwawt.macosx.CPrinterJob"/>
    <property name="sun.os.patch.level" value="unknown"/>
    <property name="java.library.path" value="/Users/alexis/Library/Java/Extensions:/Library/Java/Extensions:/Network/Library/Java/Extensions:/System/Library/Java/Extensions:/usr/lib/java:."/>
    <property name="java.vm.info" value="mixed mode"/>
    <property name="java.vendor" value="Oracle Corporation"/>
    <property name="java.vm.version" value="25.181-b13"/>
    <property name="java.ext.dirs" value="/Users/alexis/Library/Java/Extensions:/Library/Java/JavaVirtualMachines/jdk1.8.0_181.jdk/Contents/Home/jre/lib/ext:/Library/Java/Extensions:/Network/Library/Java/Extensions:/System/Library/Java/Extensions:/usr/lib/java"/>
    <property name="sun.io.unicode.encoding" value="UnicodeBig"/>
    <property name="java.class.version" value="52.0"/>
    <property name="socksNonProxyHosts" value="localhost|*.localhost"/>
  </properties>
  <testcase name="testFindByType" classname="fr.univ.nantes.alma.engine.TestSpellCardRepository" time="0.515"/>
  <testcase name="testFindById" classname="fr.univ.nantes.alma.engine.TestSpellCardRepository" time="0.045"/>
</testsuite>